<?xml version="1.0" encoding="UTF-8" ?>
<testsuite errors="0" failures="0" hostname="Dell" name="com.hrms.EmpControllerSpec" tests="7" time="10.068" timestamp="2014-08-14T14:07:28">
  <properties />
  <testcase classname="com.hrms.EmpControllerSpec" name="Test the index action returns the correct model" time="8.291" />
  <testcase classname="com.hrms.EmpControllerSpec" name="Test the create action returns the correct model" time="0.231" />
  <testcase classname="com.hrms.EmpControllerSpec" name="Test the save action correctly persists an instance" time="1.007" />
  <testcase classname="com.hrms.EmpControllerSpec" name="Test that the show action returns the correct model" time="0.06" />
  <testcase classname="com.hrms.EmpControllerSpec" name="Test that the edit action returns the correct model" time="0.057" />
  <testcase classname="com.hrms.EmpControllerSpec" name="Test the update action performs an update on a valid domain instance" time="0.188" />
  <testcase classname="com.hrms.EmpControllerSpec" name="Test that the delete action deletes an instance if it exists" time="0.114" />
  <system-out><![CDATA[--Output from Test the index action returns the correct model--
--Output from Test the create action returns the correct model--
--Output from Test the save action correctly persists an instance--
--Output from Test that the show action returns the correct model--
--Output from Test that the edit action returns the correct model--
--Output from Test the update action performs an update on a valid domain instance--
--Output from Test that the delete action deletes an instance if it exists--
]]></system-out>
  <system-err><![CDATA[--Output from Test the index action returns the correct model--
--Output from Test the create action returns the correct model--
--Output from Test the save action correctly persists an instance--
--Output from Test that the show action returns the correct model--
--Output from Test that the edit action returns the correct model--
--Output from Test the update action performs an update on a valid domain instance--
--Output from Test that the delete action deletes an instance if it exists--
]]></system-err>
</testsuite>
