<?xml version="1.0" encoding="UTF-8" ?>
<testsuite errors="0" failures="0" hostname="Dell" name="com.hrms.EmpSpec" tests="37" time="2.363" timestamp="2014-08-10T19:41:23">
  <properties />
  <testcase classname="com.hrms.EmpSpec" name="test Emp all constraints num is nullable" time="0.422" />
  <testcase classname="com.hrms.EmpSpec" name="test Emp all constraints num is nullable" time="0.074" />
  <testcase classname="com.hrms.EmpSpec" name="test Emp all constraints num is unique" time="0.228" />
  <testcase classname="com.hrms.EmpSpec" name="test Emp all constraints num is valid" time="0.041" />
  <testcase classname="com.hrms.EmpSpec" name="test Emp all constraints ename is nullable" time="0.043" />
  <testcase classname="com.hrms.EmpSpec" name="test Emp all constraints ename is valid" time="0.042" />
  <testcase classname="com.hrms.EmpSpec" name="test Emp all constraints ename is nullable" time="0.034" />
  <testcase classname="com.hrms.EmpSpec" name="test Emp all constraints aname is nullable" time="0.055" />
  <testcase classname="com.hrms.EmpSpec" name="test Emp all constraints aname is nullable" time="0.047" />
  <testcase classname="com.hrms.EmpSpec" name="test Emp all constraints aname is valid" time="0.048" />
  <testcase classname="com.hrms.EmpSpec" name="test Emp all constraints dob is max" time="0.042" />
  <testcase classname="com.hrms.EmpSpec" name="test Emp all constraints dob is nullable" time="0.045" />
  <testcase classname="com.hrms.EmpSpec" name="test Emp all constraints dob is nullable" time="0.059" />
  <testcase classname="com.hrms.EmpSpec" name="test Emp all constraints dob is valid" time="0.047" />
  <testcase classname="com.hrms.EmpSpec" name="test Emp all constraints gender is inList" time="0.073" />
  <testcase classname="com.hrms.EmpSpec" name="test Emp all constraints gender is nullable" time="0.068" />
  <testcase classname="com.hrms.EmpSpec" name="test Emp all constraints gender is nullable" time="0.048" />
  <testcase classname="com.hrms.EmpSpec" name="test Emp all constraints gender is valid" time="0.03" />
  <testcase classname="com.hrms.EmpSpec" name="test Emp all constraints gender is valid" time="0.048" />
  <testcase classname="com.hrms.EmpSpec" name="test Emp all constraints nationality is nullable" time="0.043" />
  <testcase classname="com.hrms.EmpSpec" name="test Emp all constraints nationality is nullable" time="0.029" />
  <testcase classname="com.hrms.EmpSpec" name="test Emp all constraints nationality is valid" time="0.085" />
  <testcase classname="com.hrms.EmpSpec" name="test Emp all constraints religion is nullable" time="0.032" />
  <testcase classname="com.hrms.EmpSpec" name="test Emp all constraints religion is nullable" time="0.029" />
  <testcase classname="com.hrms.EmpSpec" name="test Emp all constraints religion is valid" time="0.039" />
  <testcase classname="com.hrms.EmpSpec" name="test Emp all constraints doj is max" time="0.035" />
  <testcase classname="com.hrms.EmpSpec" name="test Emp all constraints doj is nullable" time="0.023" />
  <testcase classname="com.hrms.EmpSpec" name="test Emp all constraints doj is nullable" time="0.049" />
  <testcase classname="com.hrms.EmpSpec" name="test Emp all constraints doj is valid" time="0.032" />
  <testcase classname="com.hrms.EmpSpec" name="test Emp all constraints mobile is size" time="0.117" />
  <testcase classname="com.hrms.EmpSpec" name="test Emp all constraints mobile is valid" time="0.052" />
  <testcase classname="com.hrms.EmpSpec" name="test Emp all constraints mobile is valid" time="0.026" />
  <testcase classname="com.hrms.EmpSpec" name="test Emp all constraints email is notEqual" time="0.039" />
  <testcase classname="com.hrms.EmpSpec" name="test Emp all constraints email is email" time="0.03" />
  <testcase classname="com.hrms.EmpSpec" name="test Emp all constraints email is valid" time="0.027" />
  <testcase classname="com.hrms.EmpSpec" name="Emp mobile using aaaaaaaaaaaaaaa results in false" time="0.044" />
  <testcase classname="com.hrms.EmpSpec" name="Emp mobile using 009661234567890 results in true" time="0.066" />
  <system-out><![CDATA[--Output from test Emp all constraints num is nullable--
--Output from test Emp all constraints num is nullable--
--Output from test Emp all constraints num is unique--
--Output from test Emp all constraints num is valid--
--Output from test Emp all constraints ename is nullable--
--Output from test Emp all constraints ename is valid--
--Output from test Emp all constraints ename is nullable--
--Output from test Emp all constraints aname is nullable--
--Output from test Emp all constraints aname is nullable--
--Output from test Emp all constraints aname is valid--
--Output from test Emp all constraints dob is max--
--Output from test Emp all constraints dob is nullable--
--Output from test Emp all constraints dob is nullable--
--Output from test Emp all constraints dob is valid--
--Output from test Emp all constraints gender is inList--
--Output from test Emp all constraints gender is nullable--
--Output from test Emp all constraints gender is nullable--
--Output from test Emp all constraints gender is valid--
--Output from test Emp all constraints gender is valid--
--Output from test Emp all constraints nationality is nullable--
--Output from test Emp all constraints nationality is nullable--
--Output from test Emp all constraints nationality is valid--
--Output from test Emp all constraints religion is nullable--
--Output from test Emp all constraints religion is nullable--
--Output from test Emp all constraints religion is valid--
--Output from test Emp all constraints doj is max--
--Output from test Emp all constraints doj is nullable--
--Output from test Emp all constraints doj is nullable--
--Output from test Emp all constraints doj is valid--
--Output from test Emp all constraints mobile is size--
--Output from test Emp all constraints mobile is valid--
--Output from test Emp all constraints mobile is valid--
--Output from test Emp all constraints email is notEqual--
--Output from test Emp all constraints email is email--
--Output from test Emp all constraints email is valid--
--Output from Emp mobile using aaaaaaaaaaaaaaa results in false--
--Output from Emp mobile using 009661234567890 results in true--
]]></system-out>
  <system-err><![CDATA[--Output from test Emp all constraints num is nullable--
--Output from test Emp all constraints num is nullable--
--Output from test Emp all constraints num is unique--
--Output from test Emp all constraints num is valid--
--Output from test Emp all constraints ename is nullable--
--Output from test Emp all constraints ename is valid--
--Output from test Emp all constraints ename is nullable--
--Output from test Emp all constraints aname is nullable--
--Output from test Emp all constraints aname is nullable--
--Output from test Emp all constraints aname is valid--
--Output from test Emp all constraints dob is max--
--Output from test Emp all constraints dob is nullable--
--Output from test Emp all constraints dob is nullable--
--Output from test Emp all constraints dob is valid--
--Output from test Emp all constraints gender is inList--
--Output from test Emp all constraints gender is nullable--
--Output from test Emp all constraints gender is nullable--
--Output from test Emp all constraints gender is valid--
--Output from test Emp all constraints gender is valid--
--Output from test Emp all constraints nationality is nullable--
--Output from test Emp all constraints nationality is nullable--
--Output from test Emp all constraints nationality is valid--
--Output from test Emp all constraints religion is nullable--
--Output from test Emp all constraints religion is nullable--
--Output from test Emp all constraints religion is valid--
--Output from test Emp all constraints doj is max--
--Output from test Emp all constraints doj is nullable--
--Output from test Emp all constraints doj is nullable--
--Output from test Emp all constraints doj is valid--
--Output from test Emp all constraints mobile is size--
--Output from test Emp all constraints mobile is valid--
--Output from test Emp all constraints mobile is valid--
--Output from test Emp all constraints email is notEqual--
--Output from test Emp all constraints email is email--
--Output from test Emp all constraints email is valid--
--Output from Emp mobile using aaaaaaaaaaaaaaa results in false--
--Output from Emp mobile using 009661234567890 results in true--
]]></system-err>
</testsuite>
